# JRE version: OpenJDK Runtime Environment Temurin-17.0.3+7 (17.0.3+7) (build 17.0.3+7)
# Java VM: OpenJDK 64-Bit Server VM Temurin-17.0.3+7 (17.0.3+7, mixed mode, tiered, compressed oops, compressed class ptrs, parallel gc, windows-amd64)
GC Precious Log:
 CPUs: 6 total, 6 available
 Memory: 16319M
 Large Page Support: Disabled
 NUMA Support: Disabled
 Compressed Oops: Enabled (32-bit)
 Alignments: Space 512K, Generation 512K, Heap 2M
 Heap Min Capacity: 100M
 Heap Initial Capacity: 100M
 Heap Max Capacity: 1G
 Pre-touch: Disabled
 Parallel Workers: 6
Heap:
 PSYoungGen      total 9728K, used 2040K [0x00000000eab00000, 0x00000000ebd80000, 0x0000000100000000)
  eden space 7680K, 0% used [0x00000000eab00000,0x00000000eab00000,0x00000000eb280000)
  from space 2048K, 99% used [0x00000000eb380000,0x00000000eb57e090,0x00000000eb580000)
  to   space 5632K, 0% used [0x00000000eb800000,0x00000000eb800000,0x00000000ebd80000)
 ParOldGen       total 260096K, used 260073K [0x00000000c0000000, 0x00000000cfe00000, 0x00000000eab00000)
  object space 260096K, 99% used [0x00000000c0000000,0x00000000cfdfa768,0x00000000cfe00000)
 Metaspace       used 89496K, committed 90624K, reserved 1138688K
  class space    used 8587K, committed 9152K, reserved 1048576K
GC Heap History (20 events):
Event: 15295.486 GC heap after
{Heap after GC invocations=70437 (full 2335):
 PSYoungGen      total 7168K, used 1824K [0x00000000eab00000, 0x00000000eb800000, 0x0000000100000000)
  eden space 5120K, 0% used [0x00000000eab00000,0x00000000eab00000,0x00000000eb000000)
  from space 2048K, 89% used [0x00000000eb600000,0x00000000eb7c8198,0x00000000eb800000)
  to   space 3584K, 0% used [0x00000000eb100000,0x00000000eb100000,0x00000000eb480000)
 ParOldGen       total 259584K, used 247262K [0x00000000c0000000, 0x00000000cfd80000, 0x00000000eab00000)
  object space 259584K, 95% used [0x00000000c0000000,0x00000000cf177948,0x00000000cfd80000)
 Metaspace       used 89496K, committed 90624K, reserved 1138688K
  class space    used 8587K, committed 9152K, reserved 1048576K
}
Event: 15295.491 GC heap before
{Heap before GC invocations=70438 (full 2335):
 PSYoungGen      total 7168K, used 6944K [0x00000000eab00000, 0x00000000eb800000, 0x0000000100000000)
  eden space 5120K, 100% used [0x00000000eab00000,0x00000000eb000000,0x00000000eb000000)
  from space 2048K, 89% used [0x00000000eb600000,0x00000000eb7c8198,0x00000000eb800000)
  to   space 3584K, 0% used [0x00000000eb100000,0x00000000eb100000,0x00000000eb480000)
 ParOldGen       total 259584K, used 247262K [0x00000000c0000000, 0x00000000cfd80000, 0x00000000eab00000)
  object space 259584K, 95% used [0x00000000c0000000,0x00000000cf177948,0x00000000cfd80000)
 Metaspace       used 89496K, committed 90624K, reserved 1138688K
  class space    used 8587K, committed 9152K, reserved 1048576K
}
Event: 15295.493 GC heap after
{Heap after GC invocations=70438 (full 2335):
 PSYoungGen      total 9728K, used 3168K [0x00000000eab00000, 0x00000000eb800000, 0x0000000100000000)
  eden space 6144K, 0% used [0x00000000eab00000,0x00000000eab00000,0x00000000eb100000)
  from space 3584K, 88% used [0x00000000eb100000,0x00000000eb418000,0x00000000eb480000)
  to   space 3584K, 0% used [0x00000000eb480000,0x00000000eb480000,0x00000000eb800000)
 ParOldGen       total 259584K, used 249003K [0x00000000c0000000, 0x00000000cfd80000, 0x00000000eab00000)
  object space 259584K, 95% used [0x00000000c0000000,0x00000000cf32aef8,0x00000000cfd80000)
 Metaspace       used 89496K, committed 90624K, reserved 1138688K
  class space    used 8587K, committed 9152K, reserved 1048576K
}
Event: 15295.496 GC heap before
{Heap before GC invocations=70439 (full 2335):
 PSYoungGen      total 9728K, used 9312K [0x00000000eab00000, 0x00000000eb800000, 0x0000000100000000)
  eden space 6144K, 100% used [0x00000000eab00000,0x00000000eb100000,0x00000000eb100000)
  from space 3584K, 88% used [0x00000000eb100000,0x00000000eb418000,0x00000000eb480000)
  to   space 3584K, 0% used [0x00000000eb480000,0x00000000eb480000,0x00000000eb800000)
 ParOldGen       total 259584K, used 249003K [0x00000000c0000000, 0x00000000cfd80000, 0x00000000eab00000)
  object space 259584K, 95% used [0x00000000c0000000,0x00000000cf32aef8,0x00000000cfd80000)
 Metaspace       used 89496K, committed 90624K, reserved 1138688K
  class space    used 8587K, committed 9152K, reserved 1048576K
}
Event: 15295.500 GC heap after
{Heap after GC invocations=70439 (full 2335):
 PSYoungGen      total 10240K, used 2400K [0x00000000eab00000, 0x00000000eb880000, 0x0000000100000000)
  eden space 6656K, 0% used [0x00000000eab00000,0x00000000eab00000,0x00000000eb180000)
  from space 3584K, 66% used [0x00000000eb480000,0x00000000eb6d8200,0x00000000eb800000)
  to   space 3072K, 0% used [0x00000000eb180000,0x00000000eb180000,0x00000000eb480000)
 ParOldGen       total 259584K, used 251731K [0x00000000c0000000, 0x00000000cfd80000, 0x00000000eab00000)
  object space 259584K, 96% used [0x00000000c0000000,0x00000000cf5d4ef8,0x00000000cfd80000)
 Metaspace       used 89496K, committed 90624K, reserved 1138688K
  class space    used 8587K, committed 9152K, reserved 1048576K
}
Event: 15295.507 GC heap before
{Heap before GC invocations=70440 (full 2335):
 PSYoungGen      total 10240K, used 9056K [0x00000000eab00000, 0x00000000eb880000, 0x0000000100000000)
  eden space 6656K, 100% used [0x00000000eab00000,0x00000000eb180000,0x00000000eb180000)
  from space 3584K, 66% used [0x00000000eb480000,0x00000000eb6d8200,0x00000000eb800000)
  to   space 3072K, 0% used [0x00000000eb180000,0x00000000eb180000,0x00000000eb480000)
 ParOldGen       total 259584K, used 251731K [0x00000000c0000000, 0x00000000cfd80000, 0x00000000eab00000)
  object space 259584K, 96% used [0x00000000c0000000,0x00000000cf5d4ef8,0x00000000cfd80000)
 Metaspace       used 89496K, committed 90624K, reserved 1138688K
  class space    used 8587K, committed 9152K, reserved 1048576K
}
Event: 15295.508 GC heap after
{Heap after GC invocations=70440 (full 2335):
 PSYoungGen      total 9728K, used 192K [0x00000000eab00000, 0x00000000eb600000, 0x0000000100000000)
  eden space 6656K, 0% used [0x00000000eab00000,0x00000000eab00000,0x00000000eb180000)
  from space 3072K, 6% used [0x00000000eb180000,0x00000000eb1b0000,0x00000000eb480000)
  to   space 1536K, 0% used [0x00000000eb480000,0x00000000eb480000,0x00000000eb600000)
 ParOldGen       total 259584K, used 252175K [0x00000000c0000000, 0x00000000cfd80000, 0x00000000eab00000)
  object space 259584K, 97% used [0x00000000c0000000,0x00000000cf643f18,0x00000000cfd80000)
 Metaspace       used 89496K, committed 90624K, reserved 1138688K
  class space    used 8587K, committed 9152K, reserved 1048576K
}
Event: 15295.528 GC heap before
{Heap before GC invocations=70441 (full 2335):
 PSYoungGen      total 9728K, used 6848K [0x00000000eab00000, 0x00000000eb600000, 0x0000000100000000)
  eden space 6656K, 100% used [0x00000000eab00000,0x00000000eb180000,0x00000000eb180000)
  from space 3072K, 6% used [0x00000000eb180000,0x00000000eb1b0000,0x00000000eb480000)
  to   space 1536K, 0% used [0x00000000eb480000,0x00000000eb480000,0x00000000eb600000)
 ParOldGen       total 259584K, used 252175K [0x00000000c0000000, 0x00000000cfd80000, 0x00000000eab00000)
  object space 259584K, 97% used [0x00000000c0000000,0x00000000cf643f18,0x00000000cfd80000)
 Metaspace       used 89496K, committed 90624K, reserved 1138688K
  class space    used 8587K, committed 9152K, reserved 1048576K
}
Event: 15295.528 GC heap after
{Heap after GC invocations=70441 (full 2335):
 PSYoungGen      total 9728K, used 1279K [0x00000000eab00000, 0x00000000eb600000, 0x0000000100000000)
  eden space 8192K, 0% used [0x00000000eab00000,0x00000000eab00000,0x00000000eb300000)
  from space 1536K, 83% used [0x00000000eb480000,0x00000000eb5bff98,0x00000000eb600000)
  to   space 1536K, 0% used [0x00000000eb300000,0x00000000eb300000,0x00000000eb480000)
 ParOldGen       total 259584K, used 252215K [0x00000000c0000000, 0x00000000cfd80000, 0x00000000eab00000)
  object space 259584K, 97% used [0x00000000c0000000,0x00000000cf64df18,0x00000000cfd80000)
 Metaspace       used 89496K, committed 90624K, reserved 1138688K
  class space    used 8587K, committed 9152K, reserved 1048576K
}
Event: 15295.701 GC heap before
{Heap before GC invocations=70442 (full 2335):
 PSYoungGen      total 9728K, used 9471K [0x00000000eab00000, 0x00000000eb600000, 0x0000000100000000)
  eden space 8192K, 100% used [0x00000000eab00000,0x00000000eb300000,0x00000000eb300000)
  from space 1536K, 83% used [0x00000000eb480000,0x00000000eb5bff98,0x00000000eb600000)
  to   space 1536K, 0% used [0x00000000eb300000,0x00000000eb300000,0x00000000eb480000)
 ParOldGen       total 259584K, used 252215K [0x00000000c0000000, 0x00000000cfd80000, 0x00000000eab00000)
  object space 259584K, 97% used [0x00000000c0000000,0x00000000cf64df18,0x00000000cfd80000)
 Metaspace       used 89496K, committed 90624K, reserved 1138688K
  class space    used 8587K, committed 9152K, reserved 1048576K
}
Event: 15295.703 GC heap after
{Heap after GC invocations=70442 (full 2335):
 PSYoungGen      total 9728K, used 624K [0x00000000eab00000, 0x00000000eb680000, 0x0000000100000000)
  eden space 8192K, 0% used [0x00000000eab00000,0x00000000eab00000,0x00000000eb300000)
  from space 1536K, 40% used [0x00000000eb300000,0x00000000eb39c010,0x00000000eb480000)
  to   space 1024K, 0% used [0x00000000eb580000,0x00000000eb580000,0x00000000eb680000)
 ParOldGen       total 259584K, used 253324K [0x00000000c0000000, 0x00000000cfd80000, 0x00000000eab00000)
  object space 259584K, 97% used [0x00000000c0000000,0x00000000cf763350,0x00000000cfd80000)
 Metaspace       used 89496K, committed 90624K, reserved 1138688K
  class space    used 8587K, committed 9152K, reserved 1048576K
}
Event: 15295.730 GC heap before
{Heap before GC invocations=70443 (full 2335):
 PSYoungGen      total 9728K, used 8816K [0x00000000eab00000, 0x00000000eb680000, 0x0000000100000000)
  eden space 8192K, 100% used [0x00000000eab00000,0x00000000eb300000,0x00000000eb300000)
  from space 1536K, 40% used [0x00000000eb300000,0x00000000eb39c010,0x00000000eb480000)
  to   space 1024K, 0% used [0x00000000eb580000,0x00000000eb580000,0x00000000eb680000)
 ParOldGen       total 259584K, used 253324K [0x00000000c0000000, 0x00000000cfd80000, 0x00000000eab00000)
  object space 259584K, 97% used [0x00000000c0000000,0x00000000cf763350,0x00000000cfd80000)
 Metaspace       used 89496K, committed 90624K, reserved 1138688K
  class space    used 8587K, committed 9152K, reserved 1048576K
}
Event: 15295.731 GC heap after
{Heap after GC invocations=70443 (full 2335):
 PSYoungGen      total 8704K, used 1023K [0x00000000eab00000, 0x00000000eba80000, 0x0000000100000000)
  eden space 7680K, 0% used [0x00000000eab00000,0x00000000eab00000,0x00000000eb280000)
  from space 1024K, 99% used [0x00000000eb580000,0x00000000eb67ff98,0x00000000eb680000)
  to   space 3072K, 0% used [0x00000000eb280000,0x00000000eb280000,0x00000000eb580000)
 ParOldGen       total 259584K, used 254793K [0x00000000c0000000, 0x00000000cfd80000, 0x00000000eab00000)
  object space 259584K, 98% used [0x00000000c0000000,0x00000000cf8d2568,0x00000000cfd80000)
 Metaspace       used 89496K, committed 90624K, reserved 1138688K
  class space    used 8587K, committed 9152K, reserved 1048576K
}
Event: 15295.745 GC heap before
{Heap before GC invocations=70444 (full 2335):
 PSYoungGen      total 8704K, used 8703K [0x00000000eab00000, 0x00000000eba80000, 0x0000000100000000)
  eden space 7680K, 100% used [0x00000000eab00000,0x00000000eb280000,0x00000000eb280000)
  from space 1024K, 99% used [0x00000000eb580000,0x00000000eb67ff98,0x00000000eb680000)
  to   space 3072K, 0% used [0x00000000eb280000,0x00000000eb280000,0x00000000eb580000)
 ParOldGen       total 259584K, used 254793K [0x00000000c0000000, 0x00000000cfd80000, 0x00000000eab00000)
  object space 259584K, 98% used [0x00000000c0000000,0x00000000cf8d2568,0x00000000cfd80000)
 Metaspace       used 89496K, committed 90624K, reserved 1138688K
  class space    used 8587K, committed 9152K, reserved 1048576K
}
Event: 15295.747 GC heap after
{Heap after GC invocations=70444 (full 2335):
 PSYoungGen      total 10752K, used 1391K [0x00000000eab00000, 0x00000000eb780000, 0x0000000100000000)
  eden space 7680K, 0% used [0x00000000eab00000,0x00000000eab00000,0x00000000eb280000)
  from space 3072K, 45% used [0x00000000eb280000,0x00000000eb3dbfc8,0x00000000eb580000)
  to   space 2048K, 0% used [0x00000000eb580000,0x00000000eb580000,0x00000000eb780000)
 ParOldGen       total 259584K, used 255820K [0x00000000c0000000, 0x00000000cfd80000, 0x00000000eab00000)
  object space 259584K, 98% used [0x00000000c0000000,0x00000000cf9d30a8,0x00000000cfd80000)
 Metaspace       used 89496K, committed 90624K, reserved 1138688K
  class space    used 8587K, committed 9152K, reserved 1048576K
}
Event: 15295.763 GC heap before
{Heap before GC invocations=70445 (full 2335):
 PSYoungGen      total 10752K, used 9071K [0x00000000eab00000, 0x00000000eb780000, 0x0000000100000000)
  eden space 7680K, 100% used [0x00000000eab00000,0x00000000eb280000,0x00000000eb280000)
  from space 3072K, 45% used [0x00000000eb280000,0x00000000eb3dbfc8,0x00000000eb580000)
  to   space 2048K, 0% used [0x00000000eb580000,0x00000000eb580000,0x00000000eb780000)
 ParOldGen       total 259584K, used 255820K [0x00000000c0000000, 0x00000000cfd80000, 0x00000000eab00000)
  object space 259584K, 98% used [0x00000000c0000000,0x00000000cf9d30a8,0x00000000cfd80000)
 Metaspace       used 89496K, committed 90624K, reserved 1138688K
  class space    used 8587K, committed 9152K, reserved 1048576K
}
Event: 15295.764 GC heap after
{Heap after GC invocations=70445 (full 2335):
 PSYoungGen      total 9728K, used 1584K [0x00000000eab00000, 0x00000000eb780000, 0x0000000100000000)
  eden space 7680K, 0% used [0x00000000eab00000,0x00000000eab00000,0x00000000eb280000)
  from space 2048K, 77% used [0x00000000eb580000,0x00000000eb70c010,0x00000000eb780000)
  to   space 2048K, 0% used [0x00000000eb380000,0x00000000eb380000,0x00000000eb580000)
 ParOldGen       total 259584K, used 257079K [0x00000000c0000000, 0x00000000cfd80000, 0x00000000eab00000)
  object space 259584K, 99% used [0x00000000c0000000,0x00000000cfb0dc90,0x00000000cfd80000)
 Metaspace       used 89496K, committed 90624K, reserved 1138688K
  class space    used 8587K, committed 9152K, reserved 1048576K
}
Event: 15296.032 GC heap before
{Heap before GC invocations=70446 (full 2335):
 PSYoungGen      total 9728K, used 9264K [0x00000000eab00000, 0x00000000eb780000, 0x0000000100000000)
  eden space 7680K, 100% used [0x00000000eab00000,0x00000000eb280000,0x00000000eb280000)
  from space 2048K, 77% used [0x00000000eb580000,0x00000000eb70c010,0x00000000eb780000)
  to   space 2048K, 0% used [0x00000000eb380000,0x00000000eb380000,0x00000000eb580000)
 ParOldGen       total 259584K, used 257079K [0x00000000c0000000, 0x00000000cfd80000, 0x00000000eab00000)
  object space 259584K, 99% used [0x00000000c0000000,0x00000000cfb0dc90,0x00000000cfd80000)
 Metaspace       used 89496K, committed 90624K, reserved 1138688K
  class space    used 8587K, committed 9152K, reserved 1048576K
}
Event: 15296.034 GC heap after
{Heap after GC invocations=70446 (full 2335):
 PSYoungGen      total 9728K, used 2040K [0x00000000eab00000, 0x00000000ebd80000, 0x0000000100000000)
  eden space 7680K, 0% used [0x00000000eab00000,0x00000000eab00000,0x00000000eb280000)
  from space 2048K, 99% used [0x00000000eb380000,0x00000000eb57e090,0x00000000eb580000)
  to   space 5632K, 0% used [0x00000000eb800000,0x00000000eb800000,0x00000000ebd80000)
 ParOldGen       total 260096K, used 260073K [0x00000000c0000000, 0x00000000cfe00000, 0x00000000eab00000)
  object space 260096K, 99% used [0x00000000c0000000,0x00000000cfdfa768,0x00000000cfe00000)
 Metaspace       used 89496K, committed 90624K, reserved 1138688K
  class space    used 8587K, committed 9152K, reserved 1048576K
}
Event: 15296.034 GC heap before
{Heap before GC invocations=70447 (full 2336):
 PSYoungGen      total 9728K, used 2040K [0x00000000eab00000, 0x00000000ebd80000, 0x0000000100000000)
  eden space 7680K, 0% used [0x00000000eab00000,0x00000000eab00000,0x00000000eb280000)
  from space 2048K, 99% used [0x00000000eb380000,0x00000000eb57e090,0x00000000eb580000)
  to   space 5632K, 0% used [0x00000000eb800000,0x00000000eb800000,0x00000000ebd80000)
 ParOldGen       total 260096K, used 260073K [0x00000000c0000000, 0x00000000cfe00000, 0x00000000eab00000)
  object space 260096K, 99% used [0x00000000c0000000,0x00000000cfdfa768,0x00000000cfe00000)
 Metaspace       used 89496K, committed 90624K, reserved 1138688K
  class space    used 8587K, committed 9152K, reserved 1048576K
}

